  Blackjack_Simulator.cpp
C:\Users\computer\Downloads\blackjack_11_21_2021-20211206T040055Z-001\mmsayeed_whemler_24780_Final\mmsayeed_whemler_24780_Final\Deck.h(34,20): warning C4244: 'initializing': conversion from 'double' to 'float', possible loss of data
  Deck.cpp
C:\Users\computer\Downloads\blackjack_11_21_2021-20211206T040055Z-001\mmsayeed_whemler_24780_Final\mmsayeed_whemler_24780_Final\Deck.h(34,20): warning C4244: 'initializing': conversion from 'double' to 'float', possible loss of data
C:\Users\computer\Downloads\blackjack_11_21_2021-20211206T040055Z-001\mmsayeed_whemler_24780_Final\mmsayeed_whemler_24780_Final\Deck.cpp(173,14): warning C4244: '=': conversion from 'double' to 'float', possible loss of data
C:\Users\computer\Downloads\blackjack_11_21_2021-20211206T040055Z-001\mmsayeed_whemler_24780_Final\mmsayeed_whemler_24780_Final\Deck.cpp(174,37): warning C4244: '=': conversion from 'int' to 'float', possible loss of data
C:\Users\computer\Downloads\blackjack_11_21_2021-20211206T040055Z-001\mmsayeed_whemler_24780_Final\mmsayeed_whemler_24780_Final\Deck.cpp(175,37): warning C4244: '=': conversion from 'int' to 'float', possible loss of data
C:\Users\computer\Downloads\blackjack_11_21_2021-20211206T040055Z-001\mmsayeed_whemler_24780_Final\mmsayeed_whemler_24780_Final\Deck.cpp(179,18): warning C4244: '=': conversion from 'int' to 'float', possible loss of data
C:\Users\computer\Downloads\blackjack_11_21_2021-20211206T040055Z-001\mmsayeed_whemler_24780_Final\mmsayeed_whemler_24780_Final\Deck.cpp(182,14): warning C4244: '=': conversion from 'int' to 'float', possible loss of data
C:\Users\computer\Downloads\blackjack_11_21_2021-20211206T040055Z-001\mmsayeed_whemler_24780_Final\mmsayeed_whemler_24780_Final\Deck.cpp(183,20): warning C4244: '=': conversion from 'int' to 'float', possible loss of data
C:\Users\computer\Downloads\blackjack_11_21_2021-20211206T040055Z-001\mmsayeed_whemler_24780_Final\mmsayeed_whemler_24780_Final\Deck.cpp(190,19): warning C4244: '=': conversion from 'double' to 'float', possible loss of data
C:\Users\computer\Downloads\blackjack_11_21_2021-20211206T040055Z-001\mmsayeed_whemler_24780_Final\mmsayeed_whemler_24780_Final\Deck.cpp(191,19): warning C4244: '=': conversion from 'double' to 'float', possible loss of data
C:\Users\computer\Downloads\blackjack_11_21_2021-20211206T040055Z-001\mmsayeed_whemler_24780_Final\mmsayeed_whemler_24780_Final\Deck.cpp(194,18): warning C4244: '=': conversion from 'double' to 'float', possible loss of data
C:\Users\computer\Downloads\blackjack_11_21_2021-20211206T040055Z-001\mmsayeed_whemler_24780_Final\mmsayeed_whemler_24780_Final\Deck.cpp(195,18): warning C4244: '=': conversion from 'double' to 'float', possible loss of data
C:\Users\computer\Downloads\blackjack_11_21_2021-20211206T040055Z-001\mmsayeed_whemler_24780_Final\mmsayeed_whemler_24780_Final\Deck.cpp(198,19): warning C4244: '=': conversion from 'double' to 'float', possible loss of data
C:\Users\computer\Downloads\blackjack_11_21_2021-20211206T040055Z-001\mmsayeed_whemler_24780_Final\mmsayeed_whemler_24780_Final\Deck.cpp(199,19): warning C4244: '=': conversion from 'double' to 'float', possible loss of data
C:\Users\computer\Downloads\blackjack_11_21_2021-20211206T040055Z-001\mmsayeed_whemler_24780_Final\mmsayeed_whemler_24780_Final\Deck.cpp(293,14): warning C4244: '=': conversion from 'double' to 'float', possible loss of data
C:\Users\computer\Downloads\blackjack_11_21_2021-20211206T040055Z-001\mmsayeed_whemler_24780_Final\mmsayeed_whemler_24780_Final\Deck.cpp(294,37): warning C4244: '=': conversion from 'int' to 'float', possible loss of data
C:\Users\computer\Downloads\blackjack_11_21_2021-20211206T040055Z-001\mmsayeed_whemler_24780_Final\mmsayeed_whemler_24780_Final\Deck.cpp(295,37): warning C4244: '=': conversion from 'int' to 'float', possible loss of data
C:\Users\computer\Downloads\blackjack_11_21_2021-20211206T040055Z-001\mmsayeed_whemler_24780_Final\mmsayeed_whemler_24780_Final\Deck.cpp(299,20): warning C4244: '=': conversion from 'int' to 'float', possible loss of data
C:\Users\computer\Downloads\blackjack_11_21_2021-20211206T040055Z-001\mmsayeed_whemler_24780_Final\mmsayeed_whemler_24780_Final\Deck.cpp(302,14): warning C4244: '=': conversion from 'int' to 'float', possible loss of data
C:\Users\computer\Downloads\blackjack_11_21_2021-20211206T040055Z-001\mmsayeed_whemler_24780_Final\mmsayeed_whemler_24780_Final\Deck.cpp(303,20): warning C4244: '=': conversion from 'int' to 'float', possible loss of data
C:\Users\computer\Downloads\blackjack_11_21_2021-20211206T040055Z-001\mmsayeed_whemler_24780_Final\mmsayeed_whemler_24780_Final\Deck.cpp(310,19): warning C4244: '=': conversion from 'double' to 'float', possible loss of data
C:\Users\computer\Downloads\blackjack_11_21_2021-20211206T040055Z-001\mmsayeed_whemler_24780_Final\mmsayeed_whemler_24780_Final\Deck.cpp(311,19): warning C4244: '=': conversion from 'double' to 'float', possible loss of data
C:\Users\computer\Downloads\blackjack_11_21_2021-20211206T040055Z-001\mmsayeed_whemler_24780_Final\mmsayeed_whemler_24780_Final\Deck.cpp(314,18): warning C4244: '=': conversion from 'double' to 'float', possible loss of data
C:\Users\computer\Downloads\blackjack_11_21_2021-20211206T040055Z-001\mmsayeed_whemler_24780_Final\mmsayeed_whemler_24780_Final\Deck.cpp(315,18): warning C4244: '=': conversion from 'double' to 'float', possible loss of data
C:\Users\computer\Downloads\blackjack_11_21_2021-20211206T040055Z-001\mmsayeed_whemler_24780_Final\mmsayeed_whemler_24780_Final\Deck.cpp(318,19): warning C4244: '=': conversion from 'double' to 'float', possible loss of data
C:\Users\computer\Downloads\blackjack_11_21_2021-20211206T040055Z-001\mmsayeed_whemler_24780_Final\mmsayeed_whemler_24780_Final\Deck.cpp(319,19): warning C4244: '=': conversion from 'double' to 'float', possible loss of data
  Game.cpp
C:\Users\computer\Downloads\blackjack_11_21_2021-20211206T040055Z-001\mmsayeed_whemler_24780_Final\mmsayeed_whemler_24780_Final\Deck.h(34,20): warning C4244: 'initializing': conversion from 'double' to 'float', possible loss of data
C:\Users\computer\Downloads\blackjack_11_21_2021-20211206T040055Z-001\mmsayeed_whemler_24780_Final\mmsayeed_whemler_24780_Final\Game.cpp(383,6): warning C4101: 'adjustLetter': unreferenced local variable
C:\Users\computer\Downloads\blackjack_11_21_2021-20211206T040055Z-001\mmsayeed_whemler_24780_Final\mmsayeed_whemler_24780_Final\Game.cpp(723,57): warning C4244: '=': conversion from '_Rep' to 'double', possible loss of data
          with
          [
              _Rep=__int64
          ]
  Hand.cpp
C:\Users\computer\Downloads\blackjack_11_21_2021-20211206T040055Z-001\mmsayeed_whemler_24780_Final\mmsayeed_whemler_24780_Final\Deck.h(34,20): warning C4244: 'initializing': conversion from 'double' to 'float', possible loss of data
C:\Users\computer\Downloads\blackjack_11_21_2021-20211206T040055Z-001\mmsayeed_whemler_24780_Final\mmsayeed_whemler_24780_Final\Hand.cpp(112,29): warning C4305: '-=': truncation from 'double' to 'float'
C:\Users\computer\Downloads\blackjack_11_21_2021-20211206T040055Z-001\mmsayeed_whemler_24780_Final\mmsayeed_whemler_24780_Final\Hand.cpp(115,29): warning C4305: '+=': truncation from 'double' to 'float'
  Player.cpp
C:\Users\computer\Downloads\blackjack_11_21_2021-20211206T040055Z-001\mmsayeed_whemler_24780_Final\mmsayeed_whemler_24780_Final\Deck.h(34,20): warning C4244: 'initializing': conversion from 'double' to 'float', possible loss of data
  gameManager.cpp
C:\Users\computer\Downloads\blackjack_11_21_2021-20211206T040055Z-001\mmsayeed_whemler_24780_Final\mmsayeed_whemler_24780_Final\Deck.h(34,20): warning C4244: 'initializing': conversion from 'double' to 'float', possible loss of data
  Generating Code...
  mmsayeed_whemler_24780_Final.vcxproj -> C:\Users\computer\Downloads\blackjack_11_21_2021-20211206T040055Z-001\mmsayeed_whemler_24780_Final\Debug\mmsayeed_whemler_24780_Final.exe

Project Performance Summary:
    12695 ms  C:\Users\computer\Downloads\blackjack_11_21_2021-20211206T040055Z-001\mmsayeed_whemler_24780_Final\mmsayeed_whemler_24780_Final\mmsayeed_whemler_24780_Final.vcxproj   1 calls
              12695 ms  Build                                      1 calls

Target Performance Summary:
        0 ms  BuildGenerateSources                       1 calls
        0 ms  AfterResourceCompile                       1 calls
        0 ms  BeforeResourceCompile                      1 calls
        0 ms  _ClCompile                                 1 calls
        0 ms  AfterClCompile                             1 calls
        0 ms  MakeDirsForBscMake                         1 calls
        0 ms  _BscMake                                   1 calls
        0 ms  _ResourceCompile                           1 calls
        0 ms  BuiltProjectOutputGroup                    1 calls
        0 ms  GetReferencedVCProjectsInfo                1 calls
        0 ms  ComputeCLInputPDBName                      1 calls
        0 ms  BeforeClCompile                            1 calls
        0 ms  BuildCompileTraverse                       1 calls
        0 ms  _Link                                      1 calls
        0 ms  _BuildGenerateSourcesAction                1 calls
        0 ms  MakeDirsForFxc                             1 calls
        0 ms  AfterBuildCompileEvent                     1 calls
        0 ms  ComputeCLCompileGeneratedSbrFiles          1 calls
        0 ms  BuildCompile                               1 calls
        0 ms  PreLinkEvent                               1 calls
        0 ms  _ALink                                     1 calls
        0 ms  _Manifest                                  1 calls
        0 ms  PrepareResourceNames                       1 calls
        0 ms  CreateCustomManifestResourceNames          1 calls
        0 ms  ResolvedXDCMake                            1 calls
        0 ms  ComputeManifestInputsTargets               1 calls
        0 ms  MakeDirsForXdcMake                         1 calls
        0 ms  ComputeCLGeneratedLinkInputs               1 calls
        0 ms  _XdcMake                                   1 calls
        0 ms  ComputeManifestGeneratedLinkerInputs       1 calls
        0 ms  ComputeRCGeneratedLinkInputs               1 calls
        0 ms  ComputeRCOutputs                           1 calls
        0 ms  BeforeLink                                 1 calls
        0 ms  BuildLinkTraverse                          1 calls
        0 ms  AfterBuildGenerateSourcesEvent             1 calls
        0 ms  AfterBuildGenerateSources                  1 calls
        0 ms  AfterLink                                  1 calls
        0 ms  AfterMidl                                  1 calls
        0 ms  AfterBuild                                 1 calls
        0 ms  BuildLink                                  1 calls
        0 ms  BeforeResolveReferences                    1 calls
        0 ms  _BuildLinkAction                           1 calls
        0 ms  PrepareForRun                              1 calls
        0 ms  PrepareProjectReferences                   1 calls
        0 ms  _CopySourceItemsToOutputDirectory          1 calls
        0 ms  SetCABuildNativeEnvironmentVariables       1 calls
        0 ms  GetCopyToOutputDirectoryXamlAppDefs        1 calls
        0 ms  _Midl                                      1 calls
        0 ms  ExpandSDKReferences                        1 calls
        0 ms  AfterResolveReferences                     1 calls
        0 ms  ResolveReferences                          1 calls
        0 ms  ResolveSDKReferences                       1 calls
        0 ms  BeforeBuildGenerateSources                 1 calls
        0 ms  ComputeMIDLGeneratedCompileInputs          1 calls
        0 ms  CreateSatelliteAssemblies                  1 calls
        0 ms  _SelectedFiles                             1 calls
        0 ms  SelectCustomBuild                          1 calls
        0 ms  _Xsd                                       1 calls
        0 ms  _Appverifier                               1 calls
        0 ms  ComputeCustomBuildOutput                   1 calls
        0 ms  _Deploy                                    1 calls
        1 ms  _PrepareForReferenceResolution             1 calls
        1 ms  PreBuildEvent                              1 calls
        1 ms  Build                                      1 calls
        1 ms  _CheckForCompileOutputs                    1 calls
        1 ms  ComputeLinkSwitches                        1 calls
        1 ms  ComputeCLCompileGeneratedXDCFiles          1 calls
        1 ms  _PopulateCommonStateForGetCopyToOutputDirectoryItems   1 calls
        1 ms  ResolveAssemblyReferences                  1 calls
        1 ms  MakeDirsForResourceCompile                 1 calls
        1 ms  _CheckWindowsSDKInstalled                  1 calls
        1 ms  CopyFileToFolders                          1 calls
        1 ms  GetResolvedWinMD                           1 calls
        1 ms  FindReferenceAssembliesForReferences       1 calls
        1 ms  GetReferenceAssemblyPaths                  1 calls
        1 ms  PostBuildEvent                             1 calls
        1 ms  SelectClCompile                            1 calls
        1 ms  ComputeReferenceCLInput                    1 calls
        1 ms  CopyFilesToOutputDirectory                 1 calls
        1 ms  ComputeLegacyManifestEmbedding             1 calls
        1 ms  _BuildCompileAction                        1 calls
        1 ms  MakeDirsForMidl                            1 calls
        1 ms  _GetCopyToOutputDirectoryItemsFromTransitiveProjectReferences   1 calls
        1 ms  _SplitProjectReferencesByFileExistence     1 calls
        1 ms  BuildGenerateSourcesTraverse               1 calls
        1 ms  GetFrameworkPaths                          1 calls
        1 ms  ComputeLinkInputsFromProject               1 calls
        1 ms  _GenerateSatelliteAssemblyInputs           1 calls
        1 ms  _GetCopyToOutputDirectoryItemsFromThisProject   1 calls
        2 ms  DoLinkOutputFilesMatch                     1 calls
        2 ms  SetBuildDefaultEnvironmentVariables        1 calls
        2 ms  RegisterOutput                             1 calls
        2 ms  ComputeLinkImportLibraryOutputsForClean    1 calls
        2 ms  _PrepareForBuild                           1 calls
        3 ms  IncrementalClean                           1 calls
        3 ms  _GetProjectReferenceTargetFrameworkProperties   1 calls
        3 ms  ComputeCLOutputs                           1 calls
        4 ms  MakeDirsForLink                            1 calls
        4 ms  AssignTargetPaths                          1 calls
        4 ms  FinalizeBuildStatus                        1 calls
        4 ms  ContentFilesProjectOutputGroup             1 calls
        5 ms  SplitResourcesByCulture                    1 calls
        7 ms  FixupCLCompileOptions                      1 calls
        8 ms  SatelliteDllsProjectOutputGroup            1 calls
       10 ms  GetCopyToOutputDirectoryItems              1 calls
       12 ms  MakeDirsForCl                              1 calls
       12 ms  AssignProjectConfiguration                 1 calls
       16 ms  SetTelemetryEnvironmentVariables           1 calls
       19 ms  CustomBuild                                1 calls
       20 ms  WarnCompileDuplicatedFilename              1 calls
       25 ms  _CleanGetCurrentAndPriorFileWrites         1 calls
       41 ms  ResolveProjectReferences                   1 calls
       41 ms  InitializeBuildStatus                      1 calls
       45 ms  PrepareForBuild                            1 calls
       57 ms  CreateRecipeFile                           1 calls
       86 ms  _CheckForInvalidConfigurationAndPlatform   1 calls
      915 ms  Link                                       1 calls
    11305 ms  ClCompile                                  1 calls

Task Performance Summary:
        1 ms  MSBuild                                    1 calls
        2 ms  Delete                                     2 calls
        2 ms  ConvertToAbsolutePath                      1 calls
        2 ms  RemoveDuplicates                           2 calls
        3 ms  CheckVCToolsetVersion                      1 calls
        3 ms  WriteLinesToFile                           1 calls
        4 ms  AssignTargetPath                           7 calls
        4 ms  AssignCulture                              1 calls
        5 ms  SetEnv                                     8 calls
        5 ms  MakeDir                                   10 calls
        7 ms  CreateItem                                 2 calls
        9 ms  CallTarget                                 2 calls
       11 ms  AssignProjectConfiguration                 1 calls
       15 ms  Message                                    3 calls
       19 ms  GetOutOfDateItems                          3 calls
       20 ms  Touch                                      2 calls
       20 ms  ReadLinesFromFile                          2 calls
       21 ms  FindUnderPath                              5 calls
       56 ms  GenerateDesktopDeployRecipe                1 calls
      909 ms  Link                                       1 calls
    11299 ms  CL                                         2 calls
