  Blackjack_Simulator.cpp
C:\Users\computer\Downloads\mmsayeed_whemler_FinalProjectDocumentation\mmsayeed_whemler_24780_Final\Deck.h(34,20): warning C4244: 'initializing': conversion from 'double' to 'float', possible loss of data
  Deck.cpp
C:\Users\computer\Downloads\mmsayeed_whemler_FinalProjectDocumentation\mmsayeed_whemler_24780_Final\Deck.h(34,20): warning C4244: 'initializing': conversion from 'double' to 'float', possible loss of data
C:\Users\computer\Downloads\mmsayeed_whemler_FinalProjectDocumentation\mmsayeed_whemler_24780_Final\Deck.cpp(173,14): warning C4244: '=': conversion from 'double' to 'float', possible loss of data
C:\Users\computer\Downloads\mmsayeed_whemler_FinalProjectDocumentation\mmsayeed_whemler_24780_Final\Deck.cpp(174,37): warning C4244: '=': conversion from 'int' to 'float', possible loss of data
C:\Users\computer\Downloads\mmsayeed_whemler_FinalProjectDocumentation\mmsayeed_whemler_24780_Final\Deck.cpp(175,37): warning C4244: '=': conversion from 'int' to 'float', possible loss of data
C:\Users\computer\Downloads\mmsayeed_whemler_FinalProjectDocumentation\mmsayeed_whemler_24780_Final\Deck.cpp(179,18): warning C4244: '=': conversion from 'int' to 'float', possible loss of data
C:\Users\computer\Downloads\mmsayeed_whemler_FinalProjectDocumentation\mmsayeed_whemler_24780_Final\Deck.cpp(182,14): warning C4244: '=': conversion from 'int' to 'float', possible loss of data
C:\Users\computer\Downloads\mmsayeed_whemler_FinalProjectDocumentation\mmsayeed_whemler_24780_Final\Deck.cpp(183,20): warning C4244: '=': conversion from 'int' to 'float', possible loss of data
C:\Users\computer\Downloads\mmsayeed_whemler_FinalProjectDocumentation\mmsayeed_whemler_24780_Final\Deck.cpp(190,19): warning C4244: '=': conversion from 'double' to 'float', possible loss of data
C:\Users\computer\Downloads\mmsayeed_whemler_FinalProjectDocumentation\mmsayeed_whemler_24780_Final\Deck.cpp(191,19): warning C4244: '=': conversion from 'double' to 'float', possible loss of data
C:\Users\computer\Downloads\mmsayeed_whemler_FinalProjectDocumentation\mmsayeed_whemler_24780_Final\Deck.cpp(194,18): warning C4244: '=': conversion from 'double' to 'float', possible loss of data
C:\Users\computer\Downloads\mmsayeed_whemler_FinalProjectDocumentation\mmsayeed_whemler_24780_Final\Deck.cpp(195,18): warning C4244: '=': conversion from 'double' to 'float', possible loss of data
C:\Users\computer\Downloads\mmsayeed_whemler_FinalProjectDocumentation\mmsayeed_whemler_24780_Final\Deck.cpp(198,19): warning C4244: '=': conversion from 'double' to 'float', possible loss of data
C:\Users\computer\Downloads\mmsayeed_whemler_FinalProjectDocumentation\mmsayeed_whemler_24780_Final\Deck.cpp(199,19): warning C4244: '=': conversion from 'double' to 'float', possible loss of data
C:\Users\computer\Downloads\mmsayeed_whemler_FinalProjectDocumentation\mmsayeed_whemler_24780_Final\Deck.cpp(293,14): warning C4244: '=': conversion from 'double' to 'float', possible loss of data
C:\Users\computer\Downloads\mmsayeed_whemler_FinalProjectDocumentation\mmsayeed_whemler_24780_Final\Deck.cpp(294,37): warning C4244: '=': conversion from 'int' to 'float', possible loss of data
C:\Users\computer\Downloads\mmsayeed_whemler_FinalProjectDocumentation\mmsayeed_whemler_24780_Final\Deck.cpp(295,37): warning C4244: '=': conversion from 'int' to 'float', possible loss of data
C:\Users\computer\Downloads\mmsayeed_whemler_FinalProjectDocumentation\mmsayeed_whemler_24780_Final\Deck.cpp(299,20): warning C4244: '=': conversion from 'int' to 'float', possible loss of data
C:\Users\computer\Downloads\mmsayeed_whemler_FinalProjectDocumentation\mmsayeed_whemler_24780_Final\Deck.cpp(302,14): warning C4244: '=': conversion from 'int' to 'float', possible loss of data
C:\Users\computer\Downloads\mmsayeed_whemler_FinalProjectDocumentation\mmsayeed_whemler_24780_Final\Deck.cpp(303,20): warning C4244: '=': conversion from 'int' to 'float', possible loss of data
C:\Users\computer\Downloads\mmsayeed_whemler_FinalProjectDocumentation\mmsayeed_whemler_24780_Final\Deck.cpp(310,19): warning C4244: '=': conversion from 'double' to 'float', possible loss of data
C:\Users\computer\Downloads\mmsayeed_whemler_FinalProjectDocumentation\mmsayeed_whemler_24780_Final\Deck.cpp(311,19): warning C4244: '=': conversion from 'double' to 'float', possible loss of data
C:\Users\computer\Downloads\mmsayeed_whemler_FinalProjectDocumentation\mmsayeed_whemler_24780_Final\Deck.cpp(314,18): warning C4244: '=': conversion from 'double' to 'float', possible loss of data
C:\Users\computer\Downloads\mmsayeed_whemler_FinalProjectDocumentation\mmsayeed_whemler_24780_Final\Deck.cpp(315,18): warning C4244: '=': conversion from 'double' to 'float', possible loss of data
C:\Users\computer\Downloads\mmsayeed_whemler_FinalProjectDocumentation\mmsayeed_whemler_24780_Final\Deck.cpp(318,19): warning C4244: '=': conversion from 'double' to 'float', possible loss of data
C:\Users\computer\Downloads\mmsayeed_whemler_FinalProjectDocumentation\mmsayeed_whemler_24780_Final\Deck.cpp(319,19): warning C4244: '=': conversion from 'double' to 'float', possible loss of data
  DrawingUtilNG.cpp
C:\Users\computer\Downloads\mmsayeed_whemler_FinalProjectDocumentation\mmsayeed_whemler_24780_Final\DrawingUtilNG.cpp(39,13): warning C4244: 'return': conversion from 'double' to 'float', possible loss of data
C:\Users\computer\Downloads\mmsayeed_whemler_FinalProjectDocumentation\mmsayeed_whemler_24780_Final\DrawingUtilNG.cpp(96,39): warning C4244: 'argument': conversion from 'double' to 'float', possible loss of data
C:\Users\computer\Downloads\mmsayeed_whemler_FinalProjectDocumentation\mmsayeed_whemler_24780_Final\DrawingUtilNG.cpp(97,57): warning C4244: 'argument': conversion from 'double' to 'float', possible loss of data
C:\Users\computer\Downloads\mmsayeed_whemler_FinalProjectDocumentation\mmsayeed_whemler_24780_Final\DrawingUtilNG.cpp(98,56): warning C4244: 'argument': conversion from 'double' to 'float', possible loss of data
C:\Users\computer\Downloads\mmsayeed_whemler_FinalProjectDocumentation\mmsayeed_whemler_24780_Final\DrawingUtilNG.cpp(107,22): warning C4244: 'initializing': conversion from 'double' to 'float', possible loss of data
C:\Users\computer\Downloads\mmsayeed_whemler_FinalProjectDocumentation\mmsayeed_whemler_24780_Final\DrawingUtilNG.cpp(115,19): warning C4244: '=': conversion from 'double' to 'int', possible loss of data
C:\Users\computer\Downloads\mmsayeed_whemler_FinalProjectDocumentation\mmsayeed_whemler_24780_Final\DrawingUtilNG.cpp(126,27): warning C4244: '=': conversion from 'double' to 'float', possible loss of data
C:\Users\computer\Downloads\mmsayeed_whemler_FinalProjectDocumentation\mmsayeed_whemler_24780_Final\DrawingUtilNG.cpp(127,27): warning C4244: '=': conversion from 'double' to 'float', possible loss of data
C:\Users\computer\Downloads\mmsayeed_whemler_FinalProjectDocumentation\mmsayeed_whemler_24780_Final\DrawingUtilNG.cpp(140,16): warning C4244: 'argument': conversion from 'double' to 'GLint', possible loss of data
C:\Users\computer\Downloads\mmsayeed_whemler_FinalProjectDocumentation\mmsayeed_whemler_24780_Final\DrawingUtilNG.cpp(140,13): warning C4244: 'argument': conversion from 'double' to 'GLint', possible loss of data
C:\Users\computer\Downloads\mmsayeed_whemler_FinalProjectDocumentation\mmsayeed_whemler_24780_Final\DrawingUtilNG.cpp(141,24): warning C4244: 'argument': conversion from 'double' to 'GLint', possible loss of data
C:\Users\computer\Downloads\mmsayeed_whemler_FinalProjectDocumentation\mmsayeed_whemler_24780_Final\DrawingUtilNG.cpp(141,15): warning C4244: 'argument': conversion from 'double' to 'GLint', possible loss of data
C:\Users\computer\Downloads\mmsayeed_whemler_FinalProjectDocumentation\mmsayeed_whemler_24780_Final\DrawingUtilNG.cpp(142,26): warning C4244: 'argument': conversion from 'double' to 'GLint', possible loss of data
C:\Users\computer\Downloads\mmsayeed_whemler_FinalProjectDocumentation\mmsayeed_whemler_24780_Final\DrawingUtilNG.cpp(142,15): warning C4244: 'argument': conversion from 'double' to 'GLint', possible loss of data
C:\Users\computer\Downloads\mmsayeed_whemler_FinalProjectDocumentation\mmsayeed_whemler_24780_Final\DrawingUtilNG.cpp(143,18): warning C4244: 'argument': conversion from 'double' to 'GLint', possible loss of data
C:\Users\computer\Downloads\mmsayeed_whemler_FinalProjectDocumentation\mmsayeed_whemler_24780_Final\DrawingUtilNG.cpp(143,13): warning C4244: 'argument': conversion from 'double' to 'GLint', possible loss of data
C:\Users\computer\Downloads\mmsayeed_whemler_FinalProjectDocumentation\mmsayeed_whemler_24780_Final\DrawingUtilNG.cpp(151,22): warning C4244: 'initializing': conversion from 'double' to 'float', possible loss of data
C:\Users\computer\Downloads\mmsayeed_whemler_FinalProjectDocumentation\mmsayeed_whemler_24780_Final\DrawingUtilNG.cpp(206,22): warning C4244: 'initializing': conversion from 'double' to 'float', possible loss of data
C:\Users\computer\Downloads\mmsayeed_whemler_FinalProjectDocumentation\mmsayeed_whemler_24780_Final\DrawingUtilNG.cpp(231,7): warning C4804: '%': unsafe use of type 'bool' in operation
C:\Users\computer\Downloads\mmsayeed_whemler_FinalProjectDocumentation\mmsayeed_whemler_24780_Final\DrawingUtilNG.cpp(268,7): warning C4804: '%': unsafe use of type 'bool' in operation
C:\Users\computer\Downloads\mmsayeed_whemler_FinalProjectDocumentation\mmsayeed_whemler_24780_Final\DrawingUtilNG.cpp(404,45): warning C4244: 'argument': conversion from 'double' to 'GLubyte', possible loss of data
  fssimplewindow.cpp
C:\Users\computer\Downloads\mmsayeed_whemler_FinalProjectDocumentation\mmsayeed_whemler_24780_Final\fssimplewindow.cpp(946,72): warning C4267: 'argument': conversion from 'size_t' to 'DWORD', possible loss of data
  Game.cpp
C:\Users\computer\Downloads\mmsayeed_whemler_FinalProjectDocumentation\mmsayeed_whemler_24780_Final\Deck.h(34,20): warning C4244: 'initializing': conversion from 'double' to 'float', possible loss of data
C:\Users\computer\Downloads\mmsayeed_whemler_FinalProjectDocumentation\mmsayeed_whemler_24780_Final\Game.cpp(64,61): warning C4267: 'argument': conversion from 'size_t' to 'int', possible loss of data
C:\Users\computer\Downloads\mmsayeed_whemler_FinalProjectDocumentation\mmsayeed_whemler_24780_Final\Game.cpp(383,6): warning C4101: 'adjustLetter': unreferenced local variable
C:\Users\computer\Downloads\mmsayeed_whemler_FinalProjectDocumentation\mmsayeed_whemler_24780_Final\Game.cpp(678,52): warning C4267: 'argument': conversion from 'size_t' to 'int', possible loss of data
C:\Users\computer\Downloads\mmsayeed_whemler_FinalProjectDocumentation\mmsayeed_whemler_24780_Final\Game.cpp(723,57): warning C4244: '=': conversion from '_Rep' to 'double', possible loss of data
          with
          [
              _Rep=__int64
          ]
C:\Users\computer\Downloads\mmsayeed_whemler_FinalProjectDocumentation\mmsayeed_whemler_24780_Final\Game.cpp(770,59): warning C4267: 'argument': conversion from 'size_t' to 'int', possible loss of data
  gameManager.cpp
C:\Users\computer\Downloads\mmsayeed_whemler_FinalProjectDocumentation\mmsayeed_whemler_24780_Final\Deck.h(34,20): warning C4244: 'initializing': conversion from 'double' to 'float', possible loss of data
  GraphicFont.cpp
C:\Users\computer\Downloads\mmsayeed_whemler_FinalProjectDocumentation\mmsayeed_whemler_24780_Final\GraphicFont.cpp(125,55): warning C4244: 'argument': conversion from 'double' to 'float', possible loss of data
C:\Users\computer\Downloads\mmsayeed_whemler_FinalProjectDocumentation\mmsayeed_whemler_24780_Final\GraphicFont.cpp(126,61): warning C4244: 'argument': conversion from 'double' to 'float', possible loss of data
C:\Users\computer\Downloads\mmsayeed_whemler_FinalProjectDocumentation\mmsayeed_whemler_24780_Final\GraphicFont.cpp(203,18): warning C4244: 'initializing': conversion from 'double' to 'int', possible loss of data
C:\Users\computer\Downloads\mmsayeed_whemler_FinalProjectDocumentation\mmsayeed_whemler_24780_Final\GraphicFont.cpp(204,17): warning C4244: 'initializing': conversion from 'double' to 'int', possible loss of data
C:\Users\computer\Downloads\mmsayeed_whemler_FinalProjectDocumentation\mmsayeed_whemler_24780_Final\GraphicFont.cpp(246,20): warning C4244: 'initializing': conversion from 'double' to 'float', possible loss of data
C:\Users\computer\Downloads\mmsayeed_whemler_FinalProjectDocumentation\mmsayeed_whemler_24780_Final\GraphicFont.cpp(247,19): warning C4244: 'initializing': conversion from 'double' to 'float', possible loss of data
  Hand.cpp
C:\Users\computer\Downloads\mmsayeed_whemler_FinalProjectDocumentation\mmsayeed_whemler_24780_Final\Deck.h(34,20): warning C4244: 'initializing': conversion from 'double' to 'float', possible loss of data
C:\Users\computer\Downloads\mmsayeed_whemler_FinalProjectDocumentation\mmsayeed_whemler_24780_Final\Hand.cpp(112,29): warning C4305: '-=': truncation from 'double' to 'float'
C:\Users\computer\Downloads\mmsayeed_whemler_FinalProjectDocumentation\mmsayeed_whemler_24780_Final\Hand.cpp(115,29): warning C4305: '+=': truncation from 'double' to 'float'
  Player.cpp
C:\Users\computer\Downloads\mmsayeed_whemler_FinalProjectDocumentation\mmsayeed_whemler_24780_Final\Deck.h(34,20): warning C4244: 'initializing': conversion from 'double' to 'float', possible loss of data
  Source.cpp
  StringPlus.cpp
C:\Users\computer\Downloads\mmsayeed_whemler_FinalProjectDocumentation\mmsayeed_whemler_24780_Final\StringPlus.cpp(20,39): warning C4267: 'initializing': conversion from 'size_t' to 'int', possible loss of data
  yspng.cpp
  yssimplesound.cpp
C:\Users\computer\Downloads\mmsayeed_whemler_FinalProjectDocumentation\mmsayeed_whemler_24780_Final\yssimplesound.cpp(467,22): warning C4244: '=': conversion from '__int64' to 'unsigned int', possible loss of data
C:\Users\computer\Downloads\mmsayeed_whemler_FinalProjectDocumentation\mmsayeed_whemler_24780_Final\yssimplesound.cpp(502,18): warning C4018: '<': signed/unsigned mismatch
C:\Users\computer\Downloads\mmsayeed_whemler_FinalProjectDocumentation\mmsayeed_whemler_24780_Final\yssimplesound.cpp(527,17): warning C4018: '<': signed/unsigned mismatch
C:\Users\computer\Downloads\mmsayeed_whemler_FinalProjectDocumentation\mmsayeed_whemler_24780_Final\yssimplesound.cpp(551,18): warning C4018: '<': signed/unsigned mismatch
C:\Users\computer\Downloads\mmsayeed_whemler_FinalProjectDocumentation\mmsayeed_whemler_24780_Final\yssimplesound.cpp(565,18): warning C4018: '<': signed/unsigned mismatch
C:\Users\computer\Downloads\mmsayeed_whemler_FinalProjectDocumentation\mmsayeed_whemler_24780_Final\yssimplesound.cpp(607,58): warning C4267: 'argument': conversion from 'size_t' to 'int', possible loss of data
C:\Users\computer\Downloads\mmsayeed_whemler_FinalProjectDocumentation\mmsayeed_whemler_24780_Final\yssimplesound.cpp(614,49): warning C4267: 'argument': conversion from 'size_t' to 'int', possible loss of data
C:\Users\computer\Downloads\mmsayeed_whemler_FinalProjectDocumentation\mmsayeed_whemler_24780_Final\yssimplesound.cpp(615,51): warning C4267: 'argument': conversion from 'size_t' to 'int', possible loss of data
C:\Users\computer\Downloads\mmsayeed_whemler_FinalProjectDocumentation\mmsayeed_whemler_24780_Final\yssimplesound.cpp(624,51): warning C4267: 'argument': conversion from 'size_t' to 'int', possible loss of data
C:\Users\computer\Downloads\mmsayeed_whemler_FinalProjectDocumentation\mmsayeed_whemler_24780_Final\yssimplesound.cpp(625,49): warning C4267: 'argument': conversion from 'size_t' to 'int', possible loss of data
C:\Users\computer\Downloads\mmsayeed_whemler_FinalProjectDocumentation\mmsayeed_whemler_24780_Final\yssimplesound.cpp(626,51): warning C4267: 'argument': conversion from 'size_t' to 'int', possible loss of data
C:\Users\computer\Downloads\mmsayeed_whemler_FinalProjectDocumentation\mmsayeed_whemler_24780_Final\yssimplesound.cpp(627,51): warning C4267: 'argument': conversion from 'size_t' to 'int', possible loss of data
C:\Users\computer\Downloads\mmsayeed_whemler_FinalProjectDocumentation\mmsayeed_whemler_24780_Final\yssimplesound.cpp(661,22): warning C4267: '=': conversion from 'size_t' to 'unsigned int', possible loss of data
C:\Users\computer\Downloads\mmsayeed_whemler_FinalProjectDocumentation\mmsayeed_whemler_24780_Final\yssimplesound.cpp(681,47): warning C4267: 'argument': conversion from 'size_t' to 'int', possible loss of data
C:\Users\computer\Downloads\mmsayeed_whemler_FinalProjectDocumentation\mmsayeed_whemler_24780_Final\yssimplesound.cpp(681,71): warning C4267: 'argument': conversion from 'size_t' to 'int', possible loss of data
C:\Users\computer\Downloads\mmsayeed_whemler_FinalProjectDocumentation\mmsayeed_whemler_24780_Final\yssimplesound.cpp(688,23): warning C4267: '=': conversion from 'size_t' to 'unsigned int', possible loss of data
C:\Users\computer\Downloads\mmsayeed_whemler_FinalProjectDocumentation\mmsayeed_whemler_24780_Final\yssimplesound.cpp(707,18): warning C4018: '<': signed/unsigned mismatch
C:\Users\computer\Downloads\mmsayeed_whemler_FinalProjectDocumentation\mmsayeed_whemler_24780_Final\yssimplesound.cpp(714,18): warning C4018: '<': signed/unsigned mismatch
C:\Users\computer\Downloads\mmsayeed_whemler_FinalProjectDocumentation\mmsayeed_whemler_24780_Final\yssimplesound.cpp(738,18): warning C4018: '<': signed/unsigned mismatch
C:\Users\computer\Downloads\mmsayeed_whemler_FinalProjectDocumentation\mmsayeed_whemler_24780_Final\yssimplesound.cpp(745,18): warning C4018: '<': signed/unsigned mismatch
C:\Users\computer\Downloads\mmsayeed_whemler_FinalProjectDocumentation\mmsayeed_whemler_24780_Final\yssimplesound.cpp(777,54): warning C4267: 'argument': conversion from 'size_t' to 'int', possible loss of data
C:\Users\computer\Downloads\mmsayeed_whemler_FinalProjectDocumentation\mmsayeed_whemler_24780_Final\yssimplesound.cpp(784,23): warning C4267: '=': conversion from 'size_t' to 'unsigned int', possible loss of data
C:\Users\computer\Downloads\mmsayeed_whemler_FinalProjectDocumentation\mmsayeed_whemler_24780_Final\yssimplesound.cpp(960,14): warning C4244: '=': conversion from '__int64' to 'unsigned int', possible loss of data
C:\Users\computer\Downloads\mmsayeed_whemler_FinalProjectDocumentation\mmsayeed_whemler_24780_Final\yssimplesound.cpp(1059,16): warning C4018: '<': signed/unsigned mismatch
  yssimplesound_dsound.cpp
C:\Users\computer\Downloads\mmsayeed_whemler_FinalProjectDocumentation\mmsayeed_whemler_24780_Final\yssimplesound_dsound.cpp(104,43): warning C4311: 'type cast': pointer truncation from 'HWND' to 'int'
C:\Users\computer\Downloads\mmsayeed_whemler_FinalProjectDocumentation\mmsayeed_whemler_24780_Final\yssimplesound_dsound.cpp(104,43): warning C4302: 'type cast': truncation from 'HWND' to 'int'
  Generating Code...
  ysglfontdata.c
C:\Users\computer\Downloads\mmsayeed_whemler_FinalProjectDocumentation\mmsayeed_whemler_24780_Final\ysglfontdata.c(17140,27): warning C4244: 'function': conversion from 'int' to 'GLfloat', possible loss of data
C:\Users\computer\Downloads\mmsayeed_whemler_FinalProjectDocumentation\mmsayeed_whemler_24780_Final\ysglfontdata.c(17150,27): warning C4244: 'function': conversion from 'int' to 'GLfloat', possible loss of data
C:\Users\computer\Downloads\mmsayeed_whemler_FinalProjectDocumentation\mmsayeed_whemler_24780_Final\ysglfontdata.c(17389,31): warning C4018: '<': signed/unsigned mismatch
C:\Users\computer\Downloads\mmsayeed_whemler_FinalProjectDocumentation\mmsayeed_whemler_24780_Final\ysglfontdata.c(17393,25): warning C4018: '<': signed/unsigned mismatch
C:\Users\computer\Downloads\mmsayeed_whemler_FinalProjectDocumentation\mmsayeed_whemler_24780_Final\ysglfontdata.c(17393,60): warning C4018: '<': signed/unsigned mismatch
C:\Users\computer\Downloads\mmsayeed_whemler_FinalProjectDocumentation\mmsayeed_whemler_24780_Final\ysglfontdata.c(17397,31): warning C4018: '<': signed/unsigned mismatch
C:\Users\computer\Downloads\mmsayeed_whemler_FinalProjectDocumentation\mmsayeed_whemler_24780_Final\ysglfontdata.c(17417,31): warning C4018: '<': signed/unsigned mismatch
C:\Users\computer\Downloads\mmsayeed_whemler_FinalProjectDocumentation\mmsayeed_whemler_24780_Final\ysglfontdata.c(17427,16): warning C4018: '<': signed/unsigned mismatch
C:\Users\computer\Downloads\mmsayeed_whemler_FinalProjectDocumentation\mmsayeed_whemler_24780_Final\ysglfontdata.c(17446,16): warning C4018: '<': signed/unsigned mismatch
C:\Users\computer\Downloads\mmsayeed_whemler_FinalProjectDocumentation\mmsayeed_whemler_24780_Final\ysglfontdata.c(17519,30): warning C4018: '<': signed/unsigned mismatch
C:\Users\computer\Downloads\mmsayeed_whemler_FinalProjectDocumentation\mmsayeed_whemler_24780_Final\ysglfontdata.c(17536,32): warning C4018: '<': signed/unsigned mismatch
  mmsayeed_whemler_24780_Final.vcxproj -> C:\Users\computer\Downloads\mmsayeed_whemler_FinalProjectDocumentation\x64\Debug\mmsayeed_whemler_24780_Final.exe

Project Performance Summary:
    23161 ms  C:\Users\computer\Downloads\mmsayeed_whemler_FinalProjectDocumentation\mmsayeed_whemler_24780_Final\mmsayeed_whemler_24780_Final.vcxproj   1 calls
              23161 ms  Build                                      1 calls

Target Performance Summary:
        0 ms  _BuildCompileAction                        1 calls
        0 ms  AfterBuildGenerateSources                  1 calls
        0 ms  AfterBuildGenerateSourcesEvent             1 calls
        0 ms  _BuildGenerateSourcesAction                1 calls
        0 ms  BuildGenerateSources                       1 calls
        0 ms  BuildCompileTraverse                       1 calls
        0 ms  _ALink                                     1 calls
        0 ms  _PopulateCommonStateForGetCopyToOutputDirectoryItems   1 calls
        0 ms  _Deploy                                    1 calls
        0 ms  _Appverifier                               1 calls
        0 ms  CreateSatelliteAssemblies                  1 calls
        0 ms  AfterClCompile                             1 calls
        0 ms  _ClCompile                                 1 calls
        0 ms  BeforeResourceCompile                      1 calls
        0 ms  AfterResourceCompile                       1 calls
        0 ms  _ResourceCompile                           1 calls
        0 ms  AfterBuildCompileEvent                     1 calls
        0 ms  _BscMake                                   1 calls
        0 ms  _Link                                      1 calls
        0 ms  AfterLink                                  1 calls
        0 ms  PreLinkEvent                               1 calls
        0 ms  PrepareResourceNames                       1 calls
        0 ms  CreateCustomManifestResourceNames          1 calls
        0 ms  MakeDirsForXdcMake                         1 calls
        0 ms  _Midl                                      1 calls
        0 ms  _XdcMake                                   1 calls
        0 ms  ComputeCLCompileGeneratedSbrFiles          1 calls
        0 ms  ComputeManifestGeneratedLinkerInputs       1 calls
        0 ms  ComputeRCGeneratedLinkInputs               1 calls
        0 ms  ComputeRCOutputs                           1 calls
        0 ms  BeforeLink                                 1 calls
        0 ms  BuildCompile                               1 calls
        0 ms  ComputeCLGeneratedLinkInputs               1 calls
        0 ms  AfterMidl                                  1 calls
        0 ms  BeforeClCompile                            1 calls
        0 ms  _Manifest                                  1 calls
        0 ms  AfterResolveReferences                     1 calls
        0 ms  ResolveReferences                          1 calls
        0 ms  PrepareForRun                              1 calls
        0 ms  BeforeBuildGenerateSources                 1 calls
        0 ms  ResolveSDKReferences                       1 calls
        0 ms  _BuildLinkAction                           1 calls
        0 ms  _SplitProjectReferencesByFileExistence     1 calls
        0 ms  PrepareProjectReferences                   1 calls
        0 ms  _SelectedFiles                             1 calls
        0 ms  SelectCustomBuild                          1 calls
        0 ms  _CopySourceItemsToOutputDirectory          1 calls
        0 ms  BeforeResolveReferences                    1 calls
        0 ms  AfterBuild                                 1 calls
        0 ms  _Xsd                                       1 calls
        0 ms  BuildLink                                  1 calls
        0 ms  ExpandSDKReferences                        1 calls
        0 ms  BuildGenerateSourcesTraverse               1 calls
        0 ms  GetResolvedWinMD                           1 calls
        1 ms  BuildLinkTraverse                          1 calls
        1 ms  ComputeMIDLGeneratedCompileInputs          1 calls
        1 ms  _CheckWindowsSDKInstalled                  1 calls
        1 ms  _PrepareForReferenceResolution             1 calls
        1 ms  GetCopyToOutputDirectoryXamlAppDefs        1 calls
        1 ms  PreBuildEvent                              1 calls
        1 ms  ComputeLinkImportLibraryOutputsForClean    1 calls
        1 ms  SelectClCompile                            1 calls
        1 ms  ComputeReferenceCLInput                    1 calls
        1 ms  MakeDirsForFxc                             1 calls
        1 ms  ComputeManifestInputsTargets               1 calls
        1 ms  _CheckForCompileOutputs                    1 calls
        1 ms  _GetCopyToOutputDirectoryItemsFromThisProject   1 calls
        1 ms  CopyFileToFolders                          1 calls
        1 ms  CopyFilesToOutputDirectory                 1 calls
        1 ms  _PrepareForBuild                           1 calls
        1 ms  ComputeCLInputPDBName                      1 calls
        1 ms  RegisterOutput                             1 calls
        1 ms  _GetCopyToOutputDirectoryItemsFromTransitiveProjectReferences   1 calls
        1 ms  ResolvedXDCMake                            1 calls
        1 ms  ResolveAssemblyReferences                  1 calls
        1 ms  _GenerateSatelliteAssemblyInputs           1 calls
        1 ms  ComputeCLCompileGeneratedXDCFiles          1 calls
        1 ms  PostBuildEvent                             1 calls
        1 ms  MakeDirsForBscMake                         1 calls
        1 ms  SetCABuildNativeEnvironmentVariables       1 calls
        1 ms  GetFrameworkPaths                          1 calls
        1 ms  ComputeLinkInputsFromProject               1 calls
        1 ms  ComputeLinkSwitches                        1 calls
        1 ms  GetReferenceAssemblyPaths                  1 calls
        1 ms  Build                                      1 calls
        1 ms  BuiltProjectOutputGroup                    1 calls
        1 ms  GetReferencedVCProjectsInfo                1 calls
        1 ms  FindReferenceAssembliesForReferences       1 calls
        1 ms  ComputeCustomBuildOutput                   1 calls
        1 ms  ComputeLegacyManifestEmbedding             1 calls
        1 ms  MakeDirsForMidl                            1 calls
        2 ms  MakeDirsForResourceCompile                 1 calls
        2 ms  SetBuildDefaultEnvironmentVariables        1 calls
        3 ms  IncrementalClean                           1 calls
        3 ms  _GetProjectReferenceTargetFrameworkProperties   1 calls
        3 ms  MakeDirsForLink                            1 calls
        4 ms  SatelliteDllsProjectOutputGroup            1 calls
        4 ms  ContentFilesProjectOutputGroup             1 calls
        4 ms  ComputeCLOutputs                           1 calls
        5 ms  SplitResourcesByCulture                    1 calls
        5 ms  AssignTargetPaths                          1 calls
        5 ms  GetCopyToOutputDirectoryItems              1 calls
        6 ms  AssignProjectConfiguration                 1 calls
        7 ms  FinalizeBuildStatus                        1 calls
        7 ms  FixupCLCompileOptions                      1 calls
       10 ms  MakeDirsForCl                              1 calls
       12 ms  DoLinkOutputFilesMatch                     1 calls
       13 ms  WarnCompileDuplicatedFilename              1 calls
       14 ms  CustomBuild                                1 calls
       16 ms  SetTelemetryEnvironmentVariables           1 calls
       20 ms  InitializeBuildStatus                      1 calls
       25 ms  _CleanGetCurrentAndPriorFileWrites         1 calls
       37 ms  CreateRecipeFile                           1 calls
       38 ms  ResolveProjectReferences                   1 calls
       39 ms  _CheckForInvalidConfigurationAndPlatform   1 calls
       40 ms  PrepareForBuild                            1 calls
     1526 ms  Link                                       1 calls
    21264 ms  ClCompile                                  1 calls

Task Performance Summary:
        1 ms  MSBuild                                    1 calls
        2 ms  RemoveDuplicates                           2 calls
        2 ms  WriteLinesToFile                           1 calls
        2 ms  ConvertToAbsolutePath                      1 calls
        3 ms  ReadLinesFromFile                          2 calls
        3 ms  CheckVCToolsetVersion                      1 calls
        4 ms  CreateItem                                 2 calls
        4 ms  CallTarget                                 2 calls
        4 ms  AssignCulture                              1 calls
        5 ms  AssignProjectConfiguration                 1 calls
        5 ms  Message                                    3 calls
        5 ms  AssignTargetPath                           7 calls
        5 ms  Delete                                     3 calls
        6 ms  SetEnv                                     8 calls
       14 ms  Touch                                      2 calls
       14 ms  GetOutOfDateItems                          3 calls
       20 ms  FindUnderPath                              5 calls
       25 ms  MakeDir                                   10 calls
       37 ms  GenerateDesktopDeployRecipe                1 calls
     1519 ms  Link                                       1 calls
    21256 ms  CL                                         2 calls
